{"numTotalTestSuites":8,"numPassedTestSuites":2,"numFailedTestSuites":6,"numPendingTestSuites":0,"numTotalTests":25,"numPassedTests":9,"numFailedTests":16,"numPendingTests":0,"numTodoTests":0,"snapshot":{"added":0,"failure":false,"filesAdded":0,"filesRemoved":0,"filesRemovedList":[],"filesUnmatched":0,"filesUpdated":0,"matched":0,"total":0,"unchecked":0,"uncheckedKeysByFile":[],"unmatched":0,"updated":0,"didUpdate":false},"startTime":1755167274787,"success":false,"testResults":[{"assertionResults":[{"ancestorTitles":["Authentication Module","OTP Generation and Validation"],"fullName":"Authentication Module OTP Generation and Validation should generate valid OTP format","status":"passed","title":"should generate valid OTP format","duration":286.0981249999999,"failureMessages":[],"location":{"line":57,"column":5},"meta":{}},{"ancestorTitles":["Authentication Module","OTP Generation and Validation"],"fullName":"Authentication Module OTP Generation and Validation should create OTP with correct expiration time","status":"passed","title":"should create OTP with correct expiration time","duration":286.16595899999993,"failureMessages":[],"location":{"line":68,"column":5},"meta":{}},{"ancestorTitles":["Authentication Module","OTP Generation and Validation"],"fullName":"Authentication Module OTP Generation and Validation should detect expired OTPs correctly","status":"passed","title":"should detect expired OTPs correctly","duration":296.282375,"failureMessages":["AssertionError: expected 1686830400000 to be less than 1686830400000\n    at /Users/admin/hirik/new-v2/hirik-backend/hirik-user-service/tests/auth-module.test.ts:82:46\n    at file:///Users/admin/hirik/new-v2/hirik-backend/hirik-user-service/node_modules/@vitest/runner/dist/index.js:146:14\n    at file:///Users/admin/hirik/new-v2/hirik-backend/hirik-user-service/node_modules/@vitest/runner/dist/index.js:533:11\n    at runWithTimeout (file:///Users/admin/hirik/new-v2/hirik-backend/hirik-user-service/node_modules/@vitest/runner/dist/index.js:39:7)\n    at runTest (file:///Users/admin/hirik/new-v2/hirik-backend/hirik-user-service/node_modules/@vitest/runner/dist/index.js:1056:17)\n    at processTicksAndRejections (node:internal/process/task_queues:105:5)\n    at async Promise.all (index 2)\n    at runSuite (file:///Users/admin/hirik/new-v2/hirik-backend/hirik-user-service/node_modules/@vitest/runner/dist/index.js:1191:13)\n    at async Promise.all (index 0)\n    at runSuite (file:///Users/admin/hirik/new-v2/hirik-backend/hirik-user-service/node_modules/@vitest/runner/dist/index.js:1191:13)"],"location":{"line":78,"column":5},"meta":{}},{"ancestorTitles":["Authentication Module","OTP Generation and Validation"],"fullName":"Authentication Module OTP Generation and Validation should handle OTP attempt limits","status":"passed","title":"should handle OTP attempt limits","duration":286.289291,"failureMessages":[],"location":{"line":85,"column":5},"meta":{}},{"ancestorTitles":["Authentication Module","JWT Token Creation and Validation"],"fullName":"Authentication Module JWT Token Creation and Validation should create valid access tokens with correct payload","status":"passed","title":"should create valid access tokens with correct payload","duration":286.29224999999997,"failureMessages":[],"location":{"line":94,"column":5},"meta":{}},{"ancestorTitles":["Authentication Module","JWT Token Creation and Validation"],"fullName":"Authentication Module JWT Token Creation and Validation should create refresh tokens with extended expiration","status":"passed","title":"should create refresh tokens with extended expiration","duration":12.069499999999948,"failureMessages":[],"location":{"line":111,"column":5},"meta":{}},{"ancestorTitles":["Authentication Module","JWT Token Creation and Validation"],"fullName":"Authentication Module JWT Token Creation and Validation should detect expired tokens correctly","status":"passed","title":"should detect expired tokens correctly","duration":12.115792000000056,"failureMessages":[],"location":{"line":118,"column":5},"meta":{}},{"ancestorTitles":["Authentication Module","JWT Token Creation and Validation"],"fullName":"Authentication Module JWT Token Creation and Validation should handle invalid token formats","status":"passed","title":"should handle invalid token formats","duration":12.26420799999994,"failureMessages":[],"location":{"line":125,"column":5},"meta":{}},{"ancestorTitles":["Authentication Module","JWT Token Creation and Validation"],"fullName":"Authentication Module JWT Token Creation and Validation should create role-based tokens correctly","status":"passed","title":"should create role-based tokens correctly","duration":12.251958000000059,"failureMessages":[],"location":{"line":132,"column":5},"meta":{}},{"ancestorTitles":["Authentication Module","Phone-Based Authentication Workflow","Login with Phone"],"fullName":"Authentication Module Phone-Based Authentication Workflow Login with Phone should successfully initiate login for new user","status":"failed","title":"should successfully initiate login for new user","duration":79.43579199999999,"failureMessages":["TypeError: Cannot read properties of undefined (reading 'json')\n    at /Users/admin/hirik/new-v2/hirik-backend/hirik-user-service/tests/auth-module.test.ts:155:39\n    at file:///Users/admin/hirik/new-v2/hirik-backend/hirik-user-service/node_modules/@vitest/runner/dist/index.js:533:5\n    at runTest (file:///Users/admin/hirik/new-v2/hirik-backend/hirik-user-service/node_modules/@vitest/runner/dist/index.js:1056:11)\n    at async Promise.all (index 0)\n    at runSuite (file:///Users/admin/hirik/new-v2/hirik-backend/hirik-user-service/node_modules/@vitest/runner/dist/index.js:1191:13)\n    at async Promise.all (index 0)\n    at runSuite (file:///Users/admin/hirik/new-v2/hirik-backend/hirik-user-service/node_modules/@vitest/runner/dist/index.js:1191:13)\n    at async Promise.all (index 2)\n    at runSuite (file:///Users/admin/hirik/new-v2/hirik-backend/hirik-user-service/node_modules/@vitest/runner/dist/index.js:1191:13)\n    at async Promise.all (index 0)","TypeError: Cannot read properties of undefined (reading 'json')\n    at /Users/admin/hirik/new-v2/hirik-backend/hirik-user-service/tests/auth-module.test.ts:155:39\n    at file:///Users/admin/hirik/new-v2/hirik-backend/hirik-user-service/node_modules/@vitest/runner/dist/index.js:533:5\n    at runTest (file:///Users/admin/hirik/new-v2/hirik-backend/hirik-user-service/node_modules/@vitest/runner/dist/index.js:1056:11)\n    at async Promise.all (index 0)\n    at runSuite (file:///Users/admin/hirik/new-v2/hirik-backend/hirik-user-service/node_modules/@vitest/runner/dist/index.js:1191:13)\n    at async Promise.all (index 0)\n    at runSuite (file:///Users/admin/hirik/new-v2/hirik-backend/hirik-user-service/node_modules/@vitest/runner/dist/index.js:1191:13)\n    at async Promise.all (index 2)\n    at runSuite (file:///Users/admin/hirik/new-v2/hirik-backend/hirik-user-service/node_modules/@vitest/runner/dist/index.js:1191:13)\n    at async Promise.all (index 0)"],"location":{"line":145,"column":7},"meta":{}},{"ancestorTitles":["Authentication Module","Phone-Based Authentication Workflow","Login with Phone"],"fullName":"Authentication Module Phone-Based Authentication Workflow Login with Phone should successfully initiate login for existing user","status":"failed","title":"should successfully initiate login for existing user","duration":17.004166000000055,"failureMessages":["TypeError: __vite_ssr_import_1__.userFactory.build is not a function\n    at /Users/admin/hirik/new-v2/hirik-backend/hirik-user-service/tests/auth-module.test.ts:166:42\n    at file:///Users/admin/hirik/new-v2/hirik-backend/hirik-user-service/node_modules/@vitest/runner/dist/index.js:146:14\n    at file:///Users/admin/hirik/new-v2/hirik-backend/hirik-user-service/node_modules/@vitest/runner/dist/index.js:533:11\n    at runWithTimeout (file:///Users/admin/hirik/new-v2/hirik-backend/hirik-user-service/node_modules/@vitest/runner/dist/index.js:39:7)\n    at runTest (file:///Users/admin/hirik/new-v2/hirik-backend/hirik-user-service/node_modules/@vitest/runner/dist/index.js:1056:17)\n    at processTicksAndRejections (node:internal/process/task_queues:105:5)\n    at async Promise.all (index 1)\n    at runSuite (file:///Users/admin/hirik/new-v2/hirik-backend/hirik-user-service/node_modules/@vitest/runner/dist/index.js:1191:13)\n    at async Promise.all (index 0)\n    at runSuite (file:///Users/admin/hirik/new-v2/hirik-backend/hirik-user-service/node_modules/@vitest/runner/dist/index.js:1191:13)","TypeError: __vite_ssr_import_1__.userFactory.build is not a function\n    at /Users/admin/hirik/new-v2/hirik-backend/hirik-user-service/tests/auth-module.test.ts:166:42\n    at file:///Users/admin/hirik/new-v2/hirik-backend/hirik-user-service/node_modules/@vitest/runner/dist/index.js:146:14\n    at file:///Users/admin/hirik/new-v2/hirik-backend/hirik-user-service/node_modules/@vitest/runner/dist/index.js:533:11\n    at runWithTimeout (file:///Users/admin/hirik/new-v2/hirik-backend/hirik-user-service/node_modules/@vitest/runner/dist/index.js:39:7)\n    at runTest (file:///Users/admin/hirik/new-v2/hirik-backend/hirik-user-service/node_modules/@vitest/runner/dist/index.js:1056:17)\n    at processTicksAndRejections (node:internal/process/task_queues:105:5)\n    at async Promise.all (index 1)\n    at runSuite (file:///Users/admin/hirik/new-v2/hirik-backend/hirik-user-service/node_modules/@vitest/runner/dist/index.js:1191:13)\n    at async Promise.all (index 0)\n    at runSuite (file:///Users/admin/hirik/new-v2/hirik-backend/hirik-user-service/node_modules/@vitest/runner/dist/index.js:1191:13)"],"location":{"line":164,"column":7},"meta":{}},{"ancestorTitles":["Authentication Module","Phone-Based Authentication Workflow","Login with Phone"],"fullName":"Authentication Module Phone-Based Authentication Workflow Login with Phone should reject invalid phone number formats","status":"failed","title":"should reject invalid phone number formats","duration":17.028041999999914,"failureMessages":["TypeError: Cannot read properties of undefined (reading 'json')\n    at /Users/admin/hirik/new-v2/hirik-backend/hirik-user-service/tests/auth-module.test.ts:202:41\n    at processTicksAndRejections (node:internal/process/task_queues:105:5)\n    at file:///Users/admin/hirik/new-v2/hirik-backend/hirik-user-service/node_modules/@vitest/runner/dist/index.js:533:5\n    at runTest (file:///Users/admin/hirik/new-v2/hirik-backend/hirik-user-service/node_modules/@vitest/runner/dist/index.js:1056:11)\n    at async Promise.all (index 2)\n    at runSuite (file:///Users/admin/hirik/new-v2/hirik-backend/hirik-user-service/node_modules/@vitest/runner/dist/index.js:1191:13)\n    at async Promise.all (index 0)\n    at runSuite (file:///Users/admin/hirik/new-v2/hirik-backend/hirik-user-service/node_modules/@vitest/runner/dist/index.js:1191:13)\n    at async Promise.all (index 2)\n    at runSuite (file:///Users/admin/hirik/new-v2/hirik-backend/hirik-user-service/node_modules/@vitest/runner/dist/index.js:1191:13)","TypeError: Cannot read properties of undefined (reading 'json')\n    at /Users/admin/hirik/new-v2/hirik-backend/hirik-user-service/tests/auth-module.test.ts:202:41\n    at processTicksAndRejections (node:internal/process/task_queues:105:5)\n    at file:///Users/admin/hirik/new-v2/hirik-backend/hirik-user-service/node_modules/@vitest/runner/dist/index.js:533:5\n    at runTest (file:///Users/admin/hirik/new-v2/hirik-backend/hirik-user-service/node_modules/@vitest/runner/dist/index.js:1056:11)\n    at async Promise.all (index 2)\n    at runSuite (file:///Users/admin/hirik/new-v2/hirik-backend/hirik-user-service/node_modules/@vitest/runner/dist/index.js:1191:13)\n    at async Promise.all (index 0)\n    at runSuite (file:///Users/admin/hirik/new-v2/hirik-backend/hirik-user-service/node_modules/@vitest/runner/dist/index.js:1191:13)\n    at async Promise.all (index 2)\n    at runSuite (file:///Users/admin/hirik/new-v2/hirik-backend/hirik-user-service/node_modules/@vitest/runner/dist/index.js:1191:13)"],"location":{"line":190,"column":7},"meta":{}},{"ancestorTitles":["Authentication Module","Phone-Based Authentication Workflow","Login with Phone"],"fullName":"Authentication Module Phone-Based Authentication Workflow Login with Phone should require both phone number and country code","status":"failed","title":"should require both phone number and country code","duration":17.016124999999988,"failureMessages":["TypeError: Cannot read properties of undefined (reading 'json')\n    at /Users/admin/hirik/new-v2/hirik-backend/hirik-user-service/tests/auth-module.test.ts:221:41\n    at processTicksAndRejections (node:internal/process/task_queues:105:5)\n    at file:///Users/admin/hirik/new-v2/hirik-backend/hirik-user-service/node_modules/@vitest/runner/dist/index.js:533:5\n    at runTest (file:///Users/admin/hirik/new-v2/hirik-backend/hirik-user-service/node_modules/@vitest/runner/dist/index.js:1056:11)\n    at async Promise.all (index 3)\n    at runSuite (file:///Users/admin/hirik/new-v2/hirik-backend/hirik-user-service/node_modules/@vitest/runner/dist/index.js:1191:13)\n    at async Promise.all (index 0)\n    at runSuite (file:///Users/admin/hirik/new-v2/hirik-backend/hirik-user-service/node_modules/@vitest/runner/dist/index.js:1191:13)\n    at async Promise.all (index 2)\n    at runSuite (file:///Users/admin/hirik/new-v2/hirik-backend/hirik-user-service/node_modules/@vitest/runner/dist/index.js:1191:13)","TypeError: Cannot read properties of undefined (reading 'json')\n    at /Users/admin/hirik/new-v2/hirik-backend/hirik-user-service/tests/auth-module.test.ts:221:41\n    at processTicksAndRejections (node:internal/process/task_queues:105:5)\n    at file:///Users/admin/hirik/new-v2/hirik-backend/hirik-user-service/node_modules/@vitest/runner/dist/index.js:533:5\n    at runTest (file:///Users/admin/hirik/new-v2/hirik-backend/hirik-user-service/node_modules/@vitest/runner/dist/index.js:1056:11)\n    at async Promise.all (index 3)\n    at runSuite (file:///Users/admin/hirik/new-v2/hirik-backend/hirik-user-service/node_modules/@vitest/runner/dist/index.js:1191:13)\n    at async Promise.all (index 0)\n    at runSuite (file:///Users/admin/hirik/new-v2/hirik-backend/hirik-user-service/node_modules/@vitest/runner/dist/index.js:1191:13)\n    at async Promise.all (index 2)\n    at runSuite (file:///Users/admin/hirik/new-v2/hirik-backend/hirik-user-service/node_modules/@vitest/runner/dist/index.js:1191:13)"],"location":{"line":210,"column":7},"meta":{}},{"ancestorTitles":["Authentication Module","Phone-Based Authentication Workflow","Login with Phone"],"fullName":"Authentication Module Phone-Based Authentication Workflow Login with Phone should handle database errors gracefully","status":"failed","title":"should handle database errors gracefully","duration":75.32041700000002,"failureMessages":["TypeError: Cannot read properties of undefined (reading 'json')\n    at /Users/admin/hirik/new-v2/hirik-backend/hirik-user-service/tests/auth-module.test.ts:242:39\n    at file:///Users/admin/hirik/new-v2/hirik-backend/hirik-user-service/node_modules/@vitest/runner/dist/index.js:533:5\n    at runTest (file:///Users/admin/hirik/new-v2/hirik-backend/hirik-user-service/node_modules/@vitest/runner/dist/index.js:1056:11)\n    at async Promise.all (index 4)\n    at runSuite (file:///Users/admin/hirik/new-v2/hirik-backend/hirik-user-service/node_modules/@vitest/runner/dist/index.js:1191:13)\n    at async Promise.all (index 0)\n    at runSuite (file:///Users/admin/hirik/new-v2/hirik-backend/hirik-user-service/node_modules/@vitest/runner/dist/index.js:1191:13)\n    at async Promise.all (index 2)\n    at runSuite (file:///Users/admin/hirik/new-v2/hirik-backend/hirik-user-service/node_modules/@vitest/runner/dist/index.js:1191:13)\n    at async Promise.all (index 0)","TypeError: Cannot read properties of undefined (reading 'json')\n    at /Users/admin/hirik/new-v2/hirik-backend/hirik-user-service/tests/auth-module.test.ts:242:39\n    at file:///Users/admin/hirik/new-v2/hirik-backend/hirik-user-service/node_modules/@vitest/runner/dist/index.js:533:5\n    at runTest (file:///Users/admin/hirik/new-v2/hirik-backend/hirik-user-service/node_modules/@vitest/runner/dist/index.js:1056:11)\n    at async Promise.all (index 4)\n    at runSuite (file:///Users/admin/hirik/new-v2/hirik-backend/hirik-user-service/node_modules/@vitest/runner/dist/index.js:1191:13)\n    at async Promise.all (index 0)\n    at runSuite (file:///Users/admin/hirik/new-v2/hirik-backend/hirik-user-service/node_modules/@vitest/runner/dist/index.js:1191:13)\n    at async Promise.all (index 2)\n    at runSuite (file:///Users/admin/hirik/new-v2/hirik-backend/hirik-user-service/node_modules/@vitest/runner/dist/index.js:1191:13)\n    at async Promise.all (index 0)"],"location":{"line":229,"column":7},"meta":{}},{"ancestorTitles":["Authentication Module","Phone-Based Authentication Workflow","OTP Verification"],"fullName":"Authentication Module Phone-Based Authentication Workflow OTP Verification should successfully verify correct OTP","status":"failed","title":"should successfully verify correct OTP","duration":8.025792000000024,"failureMessages":["TypeError: __vite_ssr_import_1__.userFactory.build is not a function\n    at /Users/admin/hirik/new-v2/hirik-backend/hirik-user-service/tests/auth-module.test.ts:253:34\n    at file:///Users/admin/hirik/new-v2/hirik-backend/hirik-user-service/node_modules/@vitest/runner/dist/index.js:146:14\n    at file:///Users/admin/hirik/new-v2/hirik-backend/hirik-user-service/node_modules/@vitest/runner/dist/index.js:533:11\n    at runWithTimeout (file:///Users/admin/hirik/new-v2/hirik-backend/hirik-user-service/node_modules/@vitest/runner/dist/index.js:39:7)\n    at runTest (file:///Users/admin/hirik/new-v2/hirik-backend/hirik-user-service/node_modules/@vitest/runner/dist/index.js:1056:17)\n    at processTicksAndRejections (node:internal/process/task_queues:105:5)\n    at async Promise.all (index 0)\n    at runSuite (file:///Users/admin/hirik/new-v2/hirik-backend/hirik-user-service/node_modules/@vitest/runner/dist/index.js:1191:13)\n    at async Promise.all (index 1)\n    at runSuite (file:///Users/admin/hirik/new-v2/hirik-backend/hirik-user-service/node_modules/@vitest/runner/dist/index.js:1191:13)","TypeError: __vite_ssr_import_1__.userFactory.build is not a function\n    at /Users/admin/hirik/new-v2/hirik-backend/hirik-user-service/tests/auth-module.test.ts:253:34\n    at file:///Users/admin/hirik/new-v2/hirik-backend/hirik-user-service/node_modules/@vitest/runner/dist/index.js:146:14\n    at file:///Users/admin/hirik/new-v2/hirik-backend/hirik-user-service/node_modules/@vitest/runner/dist/index.js:533:11\n    at runWithTimeout (file:///Users/admin/hirik/new-v2/hirik-backend/hirik-user-service/node_modules/@vitest/runner/dist/index.js:39:7)\n    at runTest (file:///Users/admin/hirik/new-v2/hirik-backend/hirik-user-service/node_modules/@vitest/runner/dist/index.js:1056:17)\n    at processTicksAndRejections (node:internal/process/task_queues:105:5)\n    at async Promise.all (index 0)\n    at runSuite (file:///Users/admin/hirik/new-v2/hirik-backend/hirik-user-service/node_modules/@vitest/runner/dist/index.js:1191:13)\n    at async Promise.all (index 1)\n    at runSuite (file:///Users/admin/hirik/new-v2/hirik-backend/hirik-user-service/node_modules/@vitest/runner/dist/index.js:1191:13)"],"location":{"line":251,"column":7},"meta":{}},{"ancestorTitles":["Authentication Module","Phone-Based Authentication Workflow","OTP Verification"],"fullName":"Authentication Module Phone-Based Authentication Workflow OTP Verification should reject incorrect OTP","status":"failed","title":"should reject incorrect OTP","duration":8.822957999999971,"failureMessages":["TypeError: __vite_ssr_import_1__.userFactory.build is not a function\n    at /Users/admin/hirik/new-v2/hirik-backend/hirik-user-service/tests/auth-module.test.ts:292:34\n    at file:///Users/admin/hirik/new-v2/hirik-backend/hirik-user-service/node_modules/@vitest/runner/dist/index.js:146:14\n    at file:///Users/admin/hirik/new-v2/hirik-backend/hirik-user-service/node_modules/@vitest/runner/dist/index.js:533:11\n    at runWithTimeout (file:///Users/admin/hirik/new-v2/hirik-backend/hirik-user-service/node_modules/@vitest/runner/dist/index.js:39:7)\n    at runTest (file:///Users/admin/hirik/new-v2/hirik-backend/hirik-user-service/node_modules/@vitest/runner/dist/index.js:1056:17)\n    at processTicksAndRejections (node:internal/process/task_queues:105:5)\n    at async Promise.all (index 1)\n    at runSuite (file:///Users/admin/hirik/new-v2/hirik-backend/hirik-user-service/node_modules/@vitest/runner/dist/index.js:1191:13)\n    at async Promise.all (index 1)\n    at runSuite (file:///Users/admin/hirik/new-v2/hirik-backend/hirik-user-service/node_modules/@vitest/runner/dist/index.js:1191:13)","TypeError: __vite_ssr_import_1__.userFactory.build is not a function\n    at /Users/admin/hirik/new-v2/hirik-backend/hirik-user-service/tests/auth-module.test.ts:292:34\n    at file:///Users/admin/hirik/new-v2/hirik-backend/hirik-user-service/node_modules/@vitest/runner/dist/index.js:146:14\n    at file:///Users/admin/hirik/new-v2/hirik-backend/hirik-user-service/node_modules/@vitest/runner/dist/index.js:533:11\n    at runWithTimeout (file:///Users/admin/hirik/new-v2/hirik-backend/hirik-user-service/node_modules/@vitest/runner/dist/index.js:39:7)\n    at runTest (file:///Users/admin/hirik/new-v2/hirik-backend/hirik-user-service/node_modules/@vitest/runner/dist/index.js:1056:17)\n    at processTicksAndRejections (node:internal/process/task_queues:105:5)\n    at async Promise.all (index 1)\n    at runSuite (file:///Users/admin/hirik/new-v2/hirik-backend/hirik-user-service/node_modules/@vitest/runner/dist/index.js:1191:13)\n    at async Promise.all (index 1)\n    at runSuite (file:///Users/admin/hirik/new-v2/hirik-backend/hirik-user-service/node_modules/@vitest/runner/dist/index.js:1191:13)"],"location":{"line":291,"column":7},"meta":{}},{"ancestorTitles":["Authentication Module","Phone-Based Authentication Workflow","OTP Verification"],"fullName":"Authentication Module Phone-Based Authentication Workflow OTP Verification should reject expired OTP","status":"failed","title":"should reject expired OTP","duration":8.816000000000031,"failureMessages":["TypeError: __vite_ssr_import_1__.userFactory.build is not a function\n    at /Users/admin/hirik/new-v2/hirik-backend/hirik-user-service/tests/auth-module.test.ts:327:34\n    at file:///Users/admin/hirik/new-v2/hirik-backend/hirik-user-service/node_modules/@vitest/runner/dist/index.js:146:14\n    at file:///Users/admin/hirik/new-v2/hirik-backend/hirik-user-service/node_modules/@vitest/runner/dist/index.js:533:11\n    at runWithTimeout (file:///Users/admin/hirik/new-v2/hirik-backend/hirik-user-service/node_modules/@vitest/runner/dist/index.js:39:7)\n    at runTest (file:///Users/admin/hirik/new-v2/hirik-backend/hirik-user-service/node_modules/@vitest/runner/dist/index.js:1056:17)\n    at processTicksAndRejections (node:internal/process/task_queues:105:5)\n    at async Promise.all (index 2)\n    at runSuite (file:///Users/admin/hirik/new-v2/hirik-backend/hirik-user-service/node_modules/@vitest/runner/dist/index.js:1191:13)\n    at async Promise.all (index 1)\n    at runSuite (file:///Users/admin/hirik/new-v2/hirik-backend/hirik-user-service/node_modules/@vitest/runner/dist/index.js:1191:13)","TypeError: __vite_ssr_import_1__.userFactory.build is not a function\n    at /Users/admin/hirik/new-v2/hirik-backend/hirik-user-service/tests/auth-module.test.ts:327:34\n    at file:///Users/admin/hirik/new-v2/hirik-backend/hirik-user-service/node_modules/@vitest/runner/dist/index.js:146:14\n    at file:///Users/admin/hirik/new-v2/hirik-backend/hirik-user-service/node_modules/@vitest/runner/dist/index.js:533:11\n    at runWithTimeout (file:///Users/admin/hirik/new-v2/hirik-backend/hirik-user-service/node_modules/@vitest/runner/dist/index.js:39:7)\n    at runTest (file:///Users/admin/hirik/new-v2/hirik-backend/hirik-user-service/node_modules/@vitest/runner/dist/index.js:1056:17)\n    at processTicksAndRejections (node:internal/process/task_queues:105:5)\n    at async Promise.all (index 2)\n    at runSuite (file:///Users/admin/hirik/new-v2/hirik-backend/hirik-user-service/node_modules/@vitest/runner/dist/index.js:1191:13)\n    at async Promise.all (index 1)\n    at runSuite (file:///Users/admin/hirik/new-v2/hirik-backend/hirik-user-service/node_modules/@vitest/runner/dist/index.js:1191:13)"],"location":{"line":326,"column":7},"meta":{}},{"ancestorTitles":["Authentication Module","Phone-Based Authentication Workflow","OTP Verification"],"fullName":"Authentication Module Phone-Based Authentication Workflow OTP Verification should reject after maximum attempts","status":"failed","title":"should reject after maximum attempts","duration":6.504542000000015,"failureMessages":["TypeError: __vite_ssr_import_1__.userFactory.build is not a function\n    at /Users/admin/hirik/new-v2/hirik-backend/hirik-user-service/tests/auth-module.test.ts:362:34\n    at file:///Users/admin/hirik/new-v2/hirik-backend/hirik-user-service/node_modules/@vitest/runner/dist/index.js:146:14\n    at file:///Users/admin/hirik/new-v2/hirik-backend/hirik-user-service/node_modules/@vitest/runner/dist/index.js:533:11\n    at runWithTimeout (file:///Users/admin/hirik/new-v2/hirik-backend/hirik-user-service/node_modules/@vitest/runner/dist/index.js:39:7)\n    at runTest (file:///Users/admin/hirik/new-v2/hirik-backend/hirik-user-service/node_modules/@vitest/runner/dist/index.js:1056:17)\n    at processTicksAndRejections (node:internal/process/task_queues:105:5)\n    at async Promise.all (index 3)\n    at runSuite (file:///Users/admin/hirik/new-v2/hirik-backend/hirik-user-service/node_modules/@vitest/runner/dist/index.js:1191:13)\n    at async Promise.all (index 1)\n    at runSuite (file:///Users/admin/hirik/new-v2/hirik-backend/hirik-user-service/node_modules/@vitest/runner/dist/index.js:1191:13)","TypeError: __vite_ssr_import_1__.userFactory.build is not a function\n    at /Users/admin/hirik/new-v2/hirik-backend/hirik-user-service/tests/auth-module.test.ts:362:34\n    at file:///Users/admin/hirik/new-v2/hirik-backend/hirik-user-service/node_modules/@vitest/runner/dist/index.js:146:14\n    at file:///Users/admin/hirik/new-v2/hirik-backend/hirik-user-service/node_modules/@vitest/runner/dist/index.js:533:11\n    at runWithTimeout (file:///Users/admin/hirik/new-v2/hirik-backend/hirik-user-service/node_modules/@vitest/runner/dist/index.js:39:7)\n    at runTest (file:///Users/admin/hirik/new-v2/hirik-backend/hirik-user-service/node_modules/@vitest/runner/dist/index.js:1056:17)\n    at processTicksAndRejections (node:internal/process/task_queues:105:5)\n    at async Promise.all (index 3)\n    at runSuite (file:///Users/admin/hirik/new-v2/hirik-backend/hirik-user-service/node_modules/@vitest/runner/dist/index.js:1191:13)\n    at async Promise.all (index 1)\n    at runSuite (file:///Users/admin/hirik/new-v2/hirik-backend/hirik-user-service/node_modules/@vitest/runner/dist/index.js:1191:13)"],"location":{"line":361,"column":7},"meta":{}},{"ancestorTitles":["Authentication Module","Phone-Based Authentication Workflow","OTP Verification"],"fullName":"Authentication Module Phone-Based Authentication Workflow OTP Verification should handle missing OTP record","status":"failed","title":"should handle missing OTP record","duration":49.298584000000005,"failureMessages":["TypeError: Cannot read properties of undefined (reading 'json')\n    at /Users/admin/hirik/new-v2/hirik-backend/hirik-user-service/tests/auth-module.test.ts:406:39\n    at file:///Users/admin/hirik/new-v2/hirik-backend/hirik-user-service/node_modules/@vitest/runner/dist/index.js:533:5\n    at runTest (file:///Users/admin/hirik/new-v2/hirik-backend/hirik-user-service/node_modules/@vitest/runner/dist/index.js:1056:11)\n    at async Promise.all (index 4)\n    at runSuite (file:///Users/admin/hirik/new-v2/hirik-backend/hirik-user-service/node_modules/@vitest/runner/dist/index.js:1191:13)\n    at async Promise.all (index 1)\n    at runSuite (file:///Users/admin/hirik/new-v2/hirik-backend/hirik-user-service/node_modules/@vitest/runner/dist/index.js:1191:13)\n    at async Promise.all (index 2)\n    at runSuite (file:///Users/admin/hirik/new-v2/hirik-backend/hirik-user-service/node_modules/@vitest/runner/dist/index.js:1191:13)\n    at async Promise.all (index 0)","TypeError: Cannot read properties of undefined (reading 'json')\n    at /Users/admin/hirik/new-v2/hirik-backend/hirik-user-service/tests/auth-module.test.ts:406:39\n    at file:///Users/admin/hirik/new-v2/hirik-backend/hirik-user-service/node_modules/@vitest/runner/dist/index.js:533:5\n    at runTest (file:///Users/admin/hirik/new-v2/hirik-backend/hirik-user-service/node_modules/@vitest/runner/dist/index.js:1056:11)\n    at async Promise.all (index 4)\n    at runSuite (file:///Users/admin/hirik/new-v2/hirik-backend/hirik-user-service/node_modules/@vitest/runner/dist/index.js:1191:13)\n    at async Promise.all (index 1)\n    at runSuite (file:///Users/admin/hirik/new-v2/hirik-backend/hirik-user-service/node_modules/@vitest/runner/dist/index.js:1191:13)\n    at async Promise.all (index 2)\n    at runSuite (file:///Users/admin/hirik/new-v2/hirik-backend/hirik-user-service/node_modules/@vitest/runner/dist/index.js:1191:13)\n    at async Promise.all (index 0)"],"location":{"line":396,"column":7},"meta":{}},{"ancestorTitles":["Authentication Module","Phone-Based Authentication Workflow","OTP Verification"],"fullName":"Authentication Module Phone-Based Authentication Workflow OTP Verification should detect completed onboarding","status":"failed","title":"should detect completed onboarding","duration":6.559208000000012,"failureMessages":["TypeError: __vite_ssr_import_1__.userFactory.build is not a function\n    at /Users/admin/hirik/new-v2/hirik-backend/hirik-user-service/tests/auth-module.test.ts:414:34\n    at file:///Users/admin/hirik/new-v2/hirik-backend/hirik-user-service/node_modules/@vitest/runner/dist/index.js:146:14\n    at file:///Users/admin/hirik/new-v2/hirik-backend/hirik-user-service/node_modules/@vitest/runner/dist/index.js:533:11\n    at runWithTimeout (file:///Users/admin/hirik/new-v2/hirik-backend/hirik-user-service/node_modules/@vitest/runner/dist/index.js:39:7)\n    at runTest (file:///Users/admin/hirik/new-v2/hirik-backend/hirik-user-service/node_modules/@vitest/runner/dist/index.js:1056:17)\n    at processTicksAndRejections (node:internal/process/task_queues:105:5)\n    at async Promise.all (index 5)\n    at runSuite (file:///Users/admin/hirik/new-v2/hirik-backend/hirik-user-service/node_modules/@vitest/runner/dist/index.js:1191:13)\n    at async Promise.all (index 1)\n    at runSuite (file:///Users/admin/hirik/new-v2/hirik-backend/hirik-user-service/node_modules/@vitest/runner/dist/index.js:1191:13)","TypeError: __vite_ssr_import_1__.userFactory.build is not a function\n    at /Users/admin/hirik/new-v2/hirik-backend/hirik-user-service/tests/auth-module.test.ts:414:34\n    at file:///Users/admin/hirik/new-v2/hirik-backend/hirik-user-service/node_modules/@vitest/runner/dist/index.js:146:14\n    at file:///Users/admin/hirik/new-v2/hirik-backend/hirik-user-service/node_modules/@vitest/runner/dist/index.js:533:11\n    at runWithTimeout (file:///Users/admin/hirik/new-v2/hirik-backend/hirik-user-service/node_modules/@vitest/runner/dist/index.js:39:7)\n    at runTest (file:///Users/admin/hirik/new-v2/hirik-backend/hirik-user-service/node_modules/@vitest/runner/dist/index.js:1056:17)\n    at processTicksAndRejections (node:internal/process/task_queues:105:5)\n    at async Promise.all (index 5)\n    at runSuite (file:///Users/admin/hirik/new-v2/hirik-backend/hirik-user-service/node_modules/@vitest/runner/dist/index.js:1191:13)\n    at async Promise.all (index 1)\n    at runSuite (file:///Users/admin/hirik/new-v2/hirik-backend/hirik-user-service/node_modules/@vitest/runner/dist/index.js:1191:13)"],"location":{"line":413,"column":7},"meta":{}},{"ancestorTitles":["Authentication Module","Phone-Based Authentication Workflow","Token Refresh"],"fullName":"Authentication Module Phone-Based Authentication Workflow Token Refresh should successfully refresh valid tokens","status":"failed","title":"should successfully refresh valid tokens","duration":5.361374999999953,"failureMessages":["TypeError: __vite_ssr_import_1__.userFactory.build is not a function\n    at /Users/admin/hirik/new-v2/hirik-backend/hirik-user-service/tests/auth-module.test.ts:456:34\n    at file:///Users/admin/hirik/new-v2/hirik-backend/hirik-user-service/node_modules/@vitest/runner/dist/index.js:146:14\n    at file:///Users/admin/hirik/new-v2/hirik-backend/hirik-user-service/node_modules/@vitest/runner/dist/index.js:533:11\n    at runWithTimeout (file:///Users/admin/hirik/new-v2/hirik-backend/hirik-user-service/node_modules/@vitest/runner/dist/index.js:39:7)\n    at runTest (file:///Users/admin/hirik/new-v2/hirik-backend/hirik-user-service/node_modules/@vitest/runner/dist/index.js:1056:17)\n    at processTicksAndRejections (node:internal/process/task_queues:105:5)\n    at async Promise.all (index 0)\n    at runSuite (file:///Users/admin/hirik/new-v2/hirik-backend/hirik-user-service/node_modules/@vitest/runner/dist/index.js:1191:13)\n    at async Promise.all (index 2)\n    at runSuite (file:///Users/admin/hirik/new-v2/hirik-backend/hirik-user-service/node_modules/@vitest/runner/dist/index.js:1191:13)","TypeError: __vite_ssr_import_1__.userFactory.build is not a function\n    at /Users/admin/hirik/new-v2/hirik-backend/hirik-user-service/tests/auth-module.test.ts:456:34\n    at file:///Users/admin/hirik/new-v2/hirik-backend/hirik-user-service/node_modules/@vitest/runner/dist/index.js:146:14\n    at file:///Users/admin/hirik/new-v2/hirik-backend/hirik-user-service/node_modules/@vitest/runner/dist/index.js:533:11\n    at runWithTimeout (file:///Users/admin/hirik/new-v2/hirik-backend/hirik-user-service/node_modules/@vitest/runner/dist/index.js:39:7)\n    at runTest (file:///Users/admin/hirik/new-v2/hirik-backend/hirik-user-service/node_modules/@vitest/runner/dist/index.js:1056:17)\n    at processTicksAndRejections (node:internal/process/task_queues:105:5)\n    at async Promise.all (index 0)\n    at runSuite (file:///Users/admin/hirik/new-v2/hirik-backend/hirik-user-service/node_modules/@vitest/runner/dist/index.js:1191:13)\n    at async Promise.all (index 2)\n    at runSuite (file:///Users/admin/hirik/new-v2/hirik-backend/hirik-user-service/node_modules/@vitest/runner/dist/index.js:1191:13)"],"location":{"line":455,"column":7},"meta":{}},{"ancestorTitles":["Authentication Module","Phone-Based Authentication Workflow","Token Refresh"],"fullName":"Authentication Module Phone-Based Authentication Workflow Token Refresh should reject expired refresh token","status":"failed","title":"should reject expired refresh token","duration":5.898500000000013,"failureMessages":["TypeError: Cannot read properties of undefined (reading 'json')\n    at /Users/admin/hirik/new-v2/hirik-backend/hirik-user-service/tests/auth-module.test.ts:496:39\n    at processTicksAndRejections (node:internal/process/task_queues:105:5)\n    at file:///Users/admin/hirik/new-v2/hirik-backend/hirik-user-service/node_modules/@vitest/runner/dist/index.js:533:5\n    at runTest (file:///Users/admin/hirik/new-v2/hirik-backend/hirik-user-service/node_modules/@vitest/runner/dist/index.js:1056:11)\n    at async Promise.all (index 1)\n    at runSuite (file:///Users/admin/hirik/new-v2/hirik-backend/hirik-user-service/node_modules/@vitest/runner/dist/index.js:1191:13)\n    at async Promise.all (index 2)\n    at runSuite (file:///Users/admin/hirik/new-v2/hirik-backend/hirik-user-service/node_modules/@vitest/runner/dist/index.js:1191:13)\n    at async Promise.all (index 2)\n    at runSuite (file:///Users/admin/hirik/new-v2/hirik-backend/hirik-user-service/node_modules/@vitest/runner/dist/index.js:1191:13)","TypeError: Cannot read properties of undefined (reading 'json')\n    at /Users/admin/hirik/new-v2/hirik-backend/hirik-user-service/tests/auth-module.test.ts:496:39\n    at processTicksAndRejections (node:internal/process/task_queues:105:5)\n    at file:///Users/admin/hirik/new-v2/hirik-backend/hirik-user-service/node_modules/@vitest/runner/dist/index.js:533:5\n    at runTest (file:///Users/admin/hirik/new-v2/hirik-backend/hirik-user-service/node_modules/@vitest/runner/dist/index.js:1056:11)\n    at async Promise.all (index 1)\n    at runSuite (file:///Users/admin/hirik/new-v2/hirik-backend/hirik-user-service/node_modules/@vitest/runner/dist/index.js:1191:13)\n    at async Promise.all (index 2)\n    at runSuite (file:///Users/admin/hirik/new-v2/hirik-backend/hirik-user-service/node_modules/@vitest/runner/dist/index.js:1191:13)\n    at async Promise.all (index 2)\n    at runSuite (file:///Users/admin/hirik/new-v2/hirik-backend/hirik-user-service/node_modules/@vitest/runner/dist/index.js:1191:13)"],"location":{"line":484,"column":7},"meta":{}},{"ancestorTitles":["Authentication Module","Phone-Based Authentication Workflow","Token Refresh"],"fullName":"Authentication Module Phone-Based Authentication Workflow Token Refresh should reject access token used as refresh token","status":"failed","title":"should reject access token used as refresh token","duration":5.638458000000014,"failureMessages":["TypeError: Cannot read properties of undefined (reading 'json')\n    at /Users/admin/hirik/new-v2/hirik-backend/hirik-user-service/tests/auth-module.test.ts:515:39\n    at processTicksAndRejections (node:internal/process/task_queues:105:5)\n    at file:///Users/admin/hirik/new-v2/hirik-backend/hirik-user-service/node_modules/@vitest/runner/dist/index.js:533:5\n    at runTest (file:///Users/admin/hirik/new-v2/hirik-backend/hirik-user-service/node_modules/@vitest/runner/dist/index.js:1056:11)\n    at async Promise.all (index 2)\n    at runSuite (file:///Users/admin/hirik/new-v2/hirik-backend/hirik-user-service/node_modules/@vitest/runner/dist/index.js:1191:13)\n    at async Promise.all (index 2)\n    at runSuite (file:///Users/admin/hirik/new-v2/hirik-backend/hirik-user-service/node_modules/@vitest/runner/dist/index.js:1191:13)\n    at async Promise.all (index 2)\n    at runSuite (file:///Users/admin/hirik/new-v2/hirik-backend/hirik-user-service/node_modules/@vitest/runner/dist/index.js:1191:13)","TypeError: Cannot read properties of undefined (reading 'json')\n    at /Users/admin/hirik/new-v2/hirik-backend/hirik-user-service/tests/auth-module.test.ts:515:39\n    at processTicksAndRejections (node:internal/process/task_queues:105:5)\n    at file:///Users/admin/hirik/new-v2/hirik-backend/hirik-user-service/node_modules/@vitest/runner/dist/index.js:533:5\n    at runTest (file:///Users/admin/hirik/new-v2/hirik-backend/hirik-user-service/node_modules/@vitest/runner/dist/index.js:1056:11)\n    at async Promise.all (index 2)\n    at runSuite (file:///Users/admin/hirik/new-v2/hirik-backend/hirik-user-service/node_modules/@vitest/runner/dist/index.js:1191:13)\n    at async Promise.all (index 2)\n    at runSuite (file:///Users/admin/hirik/new-v2/hirik-backend/hirik-user-service/node_modules/@vitest/runner/dist/index.js:1191:13)\n    at async Promise.all (index 2)\n    at runSuite (file:///Users/admin/hirik/new-v2/hirik-backend/hirik-user-service/node_modules/@vitest/runner/dist/index.js:1191:13)"],"location":{"line":503,"column":7},"meta":{}},{"ancestorTitles":["Authentication Module","Phone-Based Authentication Workflow","Token Refresh"],"fullName":"Authentication Module Phone-Based Authentication Workflow Token Refresh should handle missing refresh token","status":"failed","title":"should handle missing refresh token","duration":5.828333000000043,"failureMessages":["TypeError: Cannot read properties of undefined (reading 'json')\n    at /Users/admin/hirik/new-v2/hirik-backend/hirik-user-service/tests/auth-module.test.ts:528:39\n    at processTicksAndRejections (node:internal/process/task_queues:105:5)\n    at file:///Users/admin/hirik/new-v2/hirik-backend/hirik-user-service/node_modules/@vitest/runner/dist/index.js:533:5\n    at runTest (file:///Users/admin/hirik/new-v2/hirik-backend/hirik-user-service/node_modules/@vitest/runner/dist/index.js:1056:11)\n    at async Promise.all (index 3)\n    at runSuite (file:///Users/admin/hirik/new-v2/hirik-backend/hirik-user-service/node_modules/@vitest/runner/dist/index.js:1191:13)\n    at async Promise.all (index 2)\n    at runSuite (file:///Users/admin/hirik/new-v2/hirik-backend/hirik-user-service/node_modules/@vitest/runner/dist/index.js:1191:13)\n    at async Promise.all (index 2)\n    at runSuite (file:///Users/admin/hirik/new-v2/hirik-backend/hirik-user-service/node_modules/@vitest/runner/dist/index.js:1191:13)","TypeError: Cannot read properties of undefined (reading 'json')\n    at /Users/admin/hirik/new-v2/hirik-backend/hirik-user-service/tests/auth-module.test.ts:528:39\n    at processTicksAndRejections (node:internal/process/task_queues:105:5)\n    at file:///Users/admin/hirik/new-v2/hirik-backend/hirik-user-service/node_modules/@vitest/runner/dist/index.js:533:5\n    at runTest (file:///Users/admin/hirik/new-v2/hirik-backend/hirik-user-service/node_modules/@vitest/runner/dist/index.js:1056:11)\n    at async Promise.all (index 3)\n    at runSuite (file:///Users/admin/hirik/new-v2/hirik-backend/hirik-user-service/node_modules/@vitest/runner/dist/index.js:1191:13)\n    at async Promise.all (index 2)\n    at runSuite (file:///Users/admin/hirik/new-v2/hirik-backend/hirik-user-service/node_modules/@vitest/runner/dist/index.js:1191:13)\n    at async Promise.all (index 2)\n    at runSuite (file:///Users/admin/hirik/new-v2/hirik-backend/hirik-user-service/node_modules/@vitest/runner/dist/index.js:1191:13)"],"location":{"line":522,"column":7},"meta":{}},{"ancestorTitles":["Authentication Module","Phone-Based Authentication Workflow","Token Refresh"],"fullName":"Authentication Module Phone-Based Authentication Workflow Token Refresh should handle deleted user","status":"failed","title":"should handle deleted user","duration":3.155917000000045,"failureMessages":["TypeError: Cannot read properties of undefined (reading 'json')\n    at /Users/admin/hirik/new-v2/hirik-backend/hirik-user-service/tests/auth-module.test.ts:549:39\n    at processTicksAndRejections (node:internal/process/task_queues:105:5)\n    at file:///Users/admin/hirik/new-v2/hirik-backend/hirik-user-service/node_modules/@vitest/runner/dist/index.js:533:5\n    at runTest (file:///Users/admin/hirik/new-v2/hirik-backend/hirik-user-service/node_modules/@vitest/runner/dist/index.js:1056:11)\n    at async Promise.all (index 4)\n    at runSuite (file:///Users/admin/hirik/new-v2/hirik-backend/hirik-user-service/node_modules/@vitest/runner/dist/index.js:1191:13)\n    at async Promise.all (index 2)\n    at runSuite (file:///Users/admin/hirik/new-v2/hirik-backend/hirik-user-service/node_modules/@vitest/runner/dist/index.js:1191:13)\n    at async Promise.all (index 2)\n    at runSuite (file:///Users/admin/hirik/new-v2/hirik-backend/hirik-user-service/node_modules/@vitest/runner/dist/index.js:1191:13)","TypeError: Cannot read properties of undefined (reading 'json')\n    at /Users/admin/hirik/new-v2/hirik-backend/hirik-user-service/tests/auth-module.test.ts:549:39\n    at processTicksAndRejections (node:internal/process/task_queues:105:5)\n    at file:///Users/admin/hirik/new-v2/hirik-backend/hirik-user-service/node_modules/@vitest/runner/dist/index.js:533:5\n    at runTest (file:///Users/admin/hirik/new-v2/hirik-backend/hirik-user-service/node_modules/@vitest/runner/dist/index.js:1056:11)\n    at async Promise.all (index 4)\n    at runSuite (file:///Users/admin/hirik/new-v2/hirik-backend/hirik-user-service/node_modules/@vitest/runner/dist/index.js:1191:13)\n    at async Promise.all (index 2)\n    at runSuite (file:///Users/admin/hirik/new-v2/hirik-backend/hirik-user-service/node_modules/@vitest/runner/dist/index.js:1191:13)\n    at async Promise.all (index 2)\n    at runSuite (file:///Users/admin/hirik/new-v2/hirik-backend/hirik-user-service/node_modules/@vitest/runner/dist/index.js:1191:13)"],"location":{"line":535,"column":7},"meta":{}}],"startTime":1755167275136,"endTime":1755167275515.2986,"status":"failed","message":"","name":"/Users/admin/hirik/new-v2/hirik-backend/hirik-user-service/tests/auth-module.test.ts"}]}